<?xml version="1.0" encoding="UTF-8"?>
<!-- Generated by org.testng.reporters.JUnitReportReporter -->
<testsuite hostname="LAPTOP-08C644NB" failures="0" tests="2" name="com.w2a.APITestingFramework.utilities.TestParametrization" time="0.001" errors="0" timestamp="2022-08-27T13:14:37 IST" skipped="0">
  <testcase classname="com.w2a.APITestingFramework.utilities.TestParametrization" name="testData" time="0.000"/>
  <system-out/>
  <testcase classname="com.w2a.APITestingFramework.utilities.TestParametrization" name="testData" time="0.001"/>
  <system-out/>
</testsuite> <!-- com.w2a.APITestingFramework.utilities.TestParametrization -->
