<?xml version="1.0" encoding="UTF-8"?>
<!-- Generated by org.testng.reporters.JUnitReportReporter -->
<testsuite hostname="LAPTOP-08C644NB" failures="0" tests="1" name="com.w2a.APTestingFramework.testcases.DeleteCustomerTest" time="0.873" errors="0" timestamp="2022-08-27T13:14:37 IST" skipped="0">
  <testcase classname="com.w2a.APTestingFramework.testcases.DeleteCustomerTest" name="deleteCustomer" time="0.873"/>
  <system-out/>
</testsuite> <!-- com.w2a.APTestingFramework.testcases.DeleteCustomerTest -->
